<?xml version="1.0" encoding="UTF-8"?>
<!-- Generated by org.testng.reporters.JUnitXMLReporter -->
<testsuite ignored="0" hostname="DESKTOP-V1B5SLC" failures="0" tests="2" name="test2" time="0.043" errors="0" timestamp="2022-01-18T15:18:21 IST">
  <testcase classname="testNGTests.Cls2" name="@BeforeTest openBrowser" time="0.031">
    <failure type="java.lang.IllegalStateException" message="The driver executable must exist: D:\Training3rdJan2022\Selenium_lib\chromedriver.exe">
      <![CDATA[java.lang.IllegalStateException: The driver executable must exist: D:\Training3rdJan2022\Selenium_lib\chromedriver.exe
at org.openqa.selenium.internal.Require$FileStateChecker.isFile(Require.java:315)
at org.openqa.selenium.remote.service.DriverService.checkExecutable(DriverService.java:144)
at org.openqa.selenium.remote.service.DriverService.findExecutable(DriverService.java:139)
at org.openqa.selenium.chrome.ChromeDriverService.access$000(ChromeDriverService.java:38)
at org.openqa.selenium.chrome.ChromeDriverService$Builder.findDefaultExecutable(ChromeDriverService.java:231)
at org.openqa.selenium.remote.service.DriverService$Builder.build(DriverService.java:434)
at org.openqa.selenium.chrome.ChromeDriverService.createDefaultService(ChromeDriverService.java:127)
at org.openqa.selenium.chrome.ChromeDriver.<init>(ChromeDriver.java:46)
at testNGTests.Cls2.openBrowser(Cls2.java:18)
... Removed 24 stack frames]]>
    </failure>
  </testcase> <!-- @BeforeTest openBrowser -->
  <testcase classname="testNGTests.Cls2" name="@BeforeMethod refreshScreen" time="-1.642499301326E9">
    <skipped/>
  </testcase> <!-- @BeforeMethod refreshScreen -->
  <testcase classname="testNGTests.Cls2" name="@BeforeMethod refreshScreen" time="-1.642499301331E9">
    <skipped/>
  </testcase> <!-- @BeforeMethod refreshScreen -->
  <testcase classname="testNGTests.Cls2" name="@AfterTest closeBrowser" time="-1.642499301333E9">
    <skipped/>
  </testcase> <!-- @AfterTest closeBrowser -->
  <testcase classname="testNGTests.Cls2" name="registrationUser1" time="0.0">
    <skipped/>
  </testcase> <!-- registrationUser1 -->
  <testcase classname="testNGTests.Cls2" name="registrationUser2" time="0.0">
    <skipped/>
  </testcase> <!-- registrationUser2 -->
</testsuite> <!-- test2 -->
